2020.06.24 08:24:24 INFO  started: Metals version 0.9.0 in workspace 'D:\iTrue'
2020.06.24 08:24:27 INFO  time: initialize in 2.94s
2020.06.24 08:24:42 WARN  no build tool detected in workspace 'D:\iTrue'. The most common cause for this problem is that the editor was opened in the wrong working directory, for example if you use sbt then the workspace directory should contain build.sbt. 
2020.06.24 14:49:23 INFO  started: Metals version 0.9.0 in workspace 'D:\iTrue'
2020.06.24 14:49:25 INFO  time: initialize in 1.41s
2020.06.24 14:49:33 WARN  no build tool detected in workspace 'D:\iTrue'. The most common cause for this problem is that the editor was opened in the wrong working directory, for example if you use sbt then the workspace directory should contain build.sbt. 
2020.06.25 10:42:36 INFO  shutting down Metals
2020.06.28 19:07:21 INFO  started: Metals version 0.9.0 in workspace 'D:\iTrue'
2020.06.28 19:07:22 INFO  time: initialize in 0.91s
2020.06.28 19:07:31 WARN  no build tool detected in workspace 'D:\iTrue'. The most common cause for this problem is that the editor was opened in the wrong working directory, for example if you use sbt then the workspace directory should contain build.sbt. 
2020.08.11 08:44:31 INFO  started: Metals version 0.9.2 in workspace 'D:\Study Materials\projects\iTruetest' for client vscode.
2020.08.11 08:44:39 INFO  time: initialize in 8.09s
2020.08.11 08:44:54 WARN  resetting database: D:\Study Materials\projects\iTruetest\.metals\metals.h2.db
2020.08.11 08:45:00 WARN  no build tool detected in workspace 'D:\Study Materials\projects\iTruetest'. The most common cause for this problem is that the editor was opened in the wrong working directory, for example if you use sbt then the workspace directory should contain build.sbt. 
Aug 11, 2020 8:46:32 AM org.eclipse.lsp4j.jsonrpc.services.GenericEndpoint notify
INFO: Unsupported notification method: $/setTraceNotification
Aug 11, 2020 8:47:41 AM org.eclipse.lsp4j.jsonrpc.services.GenericEndpoint notify
INFO: Unsupported notification method: $/setTraceNotification
Aug 11, 2020 8:47:46 AM org.eclipse.lsp4j.jsonrpc.services.GenericEndpoint notify
INFO: Unsupported notification method: $/setTraceNotification
Aug 11, 2020 8:48:51 AM org.eclipse.lsp4j.jsonrpc.services.GenericEndpoint notify
INFO: Unsupported notification method: $/setTraceNotification
Aug 11, 2020 8:49:33 AM org.eclipse.lsp4j.jsonrpc.services.GenericEndpoint notify
INFO: Unsupported notification method: $/setTraceNotification
Aug 11, 2020 8:50:50 AM org.eclipse.lsp4j.jsonrpc.services.GenericEndpoint notify
INFO: Unsupported notification method: $/setTraceNotification
2020.08.11 08:51:01 INFO  shutting down Metals
